2013/07/22 13:24:47 [error] [exception.CHttpException.404] exception 'CHttpException' with message '无法解析请求 "441400/css/default/images/favicon.ico"。' in /Users/coly/Sites/yii-1.1.13.e9e4a0/framework/web/CWebApplication.php:286
Stack trace:
#0 /Users/coly/Sites/yii-1.1.13.e9e4a0/framework/web/CWebApplication.php(141): CWebApplication->runController('441400/css/defa...')
#1 /Users/coly/Sites/yii-1.1.13.e9e4a0/framework/base/CApplication.php(169): CWebApplication->processRequest()
#2 /Users/coly/Sites/yeedt/shouYe.php(13): CApplication->run()
#3 {main}
REQUEST_URI=/yeedt/441400/css/default/images/favicon.ico
HTTP_REFERER=http://127.0.0.1:1000/yeedt/441400/orderResult
---
2013/07/22 13:25:01 [error] [exception.CHttpException.404] exception 'CHttpException' with message '无法解析请求 "441384/css/default/images/favicon.ico"。' in /Users/coly/Sites/yii-1.1.13.e9e4a0/framework/web/CWebApplication.php:286
Stack trace:
#0 /Users/coly/Sites/yii-1.1.13.e9e4a0/framework/web/CWebApplication.php(141): CWebApplication->runController('441384/css/defa...')
#1 /Users/coly/Sites/yii-1.1.13.e9e4a0/framework/base/CApplication.php(169): CWebApplication->processRequest()
#2 /Users/coly/Sites/yeedt/shouYe.php(13): CApplication->run()
#3 {main}
REQUEST_URI=/yeedt/441384/css/default/images/favicon.ico
HTTP_REFERER=http://127.0.0.1:1000/yeedt/441384/orderResult
---
2013/07/22 13:25:08 [error] [exception.CHttpException.404] exception 'CHttpException' with message '无法解析请求 "441365/css/default/images/favicon.ico"。' in /Users/coly/Sites/yii-1.1.13.e9e4a0/framework/web/CWebApplication.php:286
Stack trace:
#0 /Users/coly/Sites/yii-1.1.13.e9e4a0/framework/web/CWebApplication.php(141): CWebApplication->runController('441365/css/defa...')
#1 /Users/coly/Sites/yii-1.1.13.e9e4a0/framework/base/CApplication.php(169): CWebApplication->processRequest()
#2 /Users/coly/Sites/yeedt/shouYe.php(13): CApplication->run()
#3 {main}
REQUEST_URI=/yeedt/441365/css/default/images/favicon.ico
HTTP_REFERER=http://127.0.0.1:1000/yeedt/441365/orderResult
---
2013/07/22 13:26:20 [error] [exception.CHttpException.404] exception 'CHttpException' with message '无法解析请求 "441323/css/default/images/favicon.ico"。' in /Users/coly/Sites/yii-1.1.13.e9e4a0/framework/web/CWebApplication.php:286
Stack trace:
#0 /Users/coly/Sites/yii-1.1.13.e9e4a0/framework/web/CWebApplication.php(141): CWebApplication->runController('441323/css/defa...')
#1 /Users/coly/Sites/yii-1.1.13.e9e4a0/framework/base/CApplication.php(169): CWebApplication->processRequest()
#2 /Users/coly/Sites/yeedt/shouYe.php(13): CApplication->run()
#3 {main}
REQUEST_URI=/yeedt/441323/css/default/images/favicon.ico
HTTP_REFERER=http://127.0.0.1:1000/yeedt/441323/orderResult
---
2013/07/22 13:26:29 [error] [exception.CHttpException.404] exception 'CHttpException' with message '无法解析请求 "505/css/default/images/favicon.ico"。' in /Users/coly/Sites/yii-1.1.13.e9e4a0/framework/web/CWebApplication.php:286
Stack trace:
#0 /Users/coly/Sites/yii-1.1.13.e9e4a0/framework/web/CWebApplication.php(141): CWebApplication->runController('505/css/default...')
#1 /Users/coly/Sites/yii-1.1.13.e9e4a0/framework/base/CApplication.php(169): CWebApplication->processRequest()
#2 /Users/coly/Sites/yeedt/shouYe.php(13): CApplication->run()
#3 {main}
REQUEST_URI=/yeedt/505/css/default/images/favicon.ico
HTTP_REFERER=http://127.0.0.1:1000/yeedt/505/user
---
2013/07/22 13:28:20 [error] [exception.CHttpException.404] exception 'CHttpException' with message '无法解析请求 "465/css/default/images/favicon.ico"。' in /Users/coly/Sites/yii-1.1.13.e9e4a0/framework/web/CWebApplication.php:286
Stack trace:
#0 /Users/coly/Sites/yii-1.1.13.e9e4a0/framework/web/CWebApplication.php(141): CWebApplication->runController('465/css/default...')
#1 /Users/coly/Sites/yii-1.1.13.e9e4a0/framework/base/CApplication.php(169): CWebApplication->processRequest()
#2 /Users/coly/Sites/yeedt/shouYe.php(13): CApplication->run()
#3 {main}
REQUEST_URI=/yeedt/465/css/default/images/favicon.ico
HTTP_REFERER=http://127.0.0.1:1000/yeedt/465/user
---
2013/07/22 13:40:29 [error] [exception.CHttpException.404] exception 'CHttpException' with message 'The requested page does not exist.' in /Users/coly/Sites/yeedt/protected/controllers/UserController.php:83
Stack trace:
#0 [internal function]: UserController->actionOrderResult('441398')
#1 /Users/coly/Sites/yii-1.1.13.e9e4a0/framework/web/actions/CAction.php(108): ReflectionMethod->invokeArgs(Object(UserController), Array)
#2 /Users/coly/Sites/yii-1.1.13.e9e4a0/framework/web/actions/CInlineAction.php(47): CAction->runWithParamsInternal(Object(UserController), Object(ReflectionMethod), Array)
#3 /Users/coly/Sites/yii-1.1.13.e9e4a0/framework/web/CController.php(308): CInlineAction->runWithParams(Array)
#4 /Users/coly/Sites/yii-1.1.13.e9e4a0/framework/web/filters/CFilterChain.php(133): CController->runAction(Object(CInlineAction))
#5 /Users/coly/Sites/yii-1.1.13.e9e4a0/framework/web/filters/CFilter.php(40): CFilterChain->run()
#6 /Users/coly/Sites/yii-1.1.13.e9e4a0/framework/web/CController.php(1145): CFilter->filter(Object(CFilterChain))
#7 /Users/coly/Sites/yii-1.1.13.e9e4a0/framework/web/filters/CInlineFilter.php(58): CController->filterAccessControl(Object(CFilterChain))
#8 /Users/coly/Sites/yii-1.1.13.e9e4a0/framework/web/filters/CFilterChain.php(130): CInlineFilter->filter(Object(CFilterChain))
#9 /Users/coly/Sites/yii-1.1.13.e9e4a0/framework/web/CController.php(291): CFilterChain->run()
#10 /Users/coly/Sites/yii-1.1.13.e9e4a0/framework/web/CController.php(265): CController->runActionWithFilters(Object(CInlineAction), Array)
#11 /Users/coly/Sites/yii-1.1.13.e9e4a0/framework/web/CWebApplication.php(282): CController->run('orderResult')
#12 /Users/coly/Sites/yii-1.1.13.e9e4a0/framework/web/CWebApplication.php(141): CWebApplication->runController('user/orderResul...')
#13 /Users/coly/Sites/yii-1.1.13.e9e4a0/framework/base/CApplication.php(169): CWebApplication->processRequest()
#14 /Users/coly/Sites/yeedt/shouYe.php(13): CApplication->run()
#15 {main}
REQUEST_URI=/yeedt/441398/orderResult
HTTP_REFERER=http://127.0.0.1:1000/yeedt/user/orderComments
---
2013/07/22 13:40:30 [error] [exception.CHttpException.404] exception 'CHttpException' with message '无法解析请求 "441398/css/default/images/favicon.ico"。' in /Users/coly/Sites/yii-1.1.13.e9e4a0/framework/web/CWebApplication.php:286
Stack trace:
#0 /Users/coly/Sites/yii-1.1.13.e9e4a0/framework/web/CWebApplication.php(141): CWebApplication->runController('441398/css/defa...')
#1 /Users/coly/Sites/yii-1.1.13.e9e4a0/framework/base/CApplication.php(169): CWebApplication->processRequest()
#2 /Users/coly/Sites/yeedt/shouYe.php(13): CApplication->run()
#3 {main}
REQUEST_URI=/yeedt/441398/css/default/images/favicon.ico
HTTP_REFERER=http://127.0.0.1:1000/yeedt/441398/orderResult
---
2013/07/22 13:40:34 [error] [exception.CHttpException.404] exception 'CHttpException' with message '无法解析请求 "441375/css/default/images/favicon.ico"。' in /Users/coly/Sites/yii-1.1.13.e9e4a0/framework/web/CWebApplication.php:286
Stack trace:
#0 /Users/coly/Sites/yii-1.1.13.e9e4a0/framework/web/CWebApplication.php(141): CWebApplication->runController('441375/css/defa...')
#1 /Users/coly/Sites/yii-1.1.13.e9e4a0/framework/base/CApplication.php(169): CWebApplication->processRequest()
#2 /Users/coly/Sites/yeedt/shouYe.php(13): CApplication->run()
#3 {main}
REQUEST_URI=/yeedt/441375/css/default/images/favicon.ico
HTTP_REFERER=http://127.0.0.1:1000/yeedt/441375/orderResult
---
2013/07/22 13:40:37 [error] [exception.CHttpException.404] exception 'CHttpException' with message '无法解析请求 "527/css/default/images/favicon.ico"。' in /Users/coly/Sites/yii-1.1.13.e9e4a0/framework/web/CWebApplication.php:286
Stack trace:
#0 /Users/coly/Sites/yii-1.1.13.e9e4a0/framework/web/CWebApplication.php(141): CWebApplication->runController('527/css/default...')
#1 /Users/coly/Sites/yii-1.1.13.e9e4a0/framework/base/CApplication.php(169): CWebApplication->processRequest()
#2 /Users/coly/Sites/yeedt/shouYe.php(13): CApplication->run()
#3 {main}
REQUEST_URI=/yeedt/527/css/default/images/favicon.ico
HTTP_REFERER=http://127.0.0.1:1000/yeedt/527/user
---
2013/07/22 13:40:48 [error] [exception.CHttpException.403] exception 'CHttpException' with message '您未被授权执行这个动作' in /Users/coly/Sites/yii-1.1.13.e9e4a0/framework/web/auth/CAccessControlFilter.php:179
Stack trace:
#0 /Users/coly/Sites/yii-1.1.13.e9e4a0/framework/web/auth/CAccessControlFilter.php(142): CAccessControlFilter->accessDenied(Object(WebUser), '???????????????...')
#1 /Users/coly/Sites/yii-1.1.13.e9e4a0/framework/web/filters/CFilter.php(38): CAccessControlFilter->preFilter(Object(CFilterChain))
#2 /Users/coly/Sites/yii-1.1.13.e9e4a0/framework/web/CController.php(1145): CFilter->filter(Object(CFilterChain))
#3 /Users/coly/Sites/yii-1.1.13.e9e4a0/framework/web/filters/CInlineFilter.php(58): CController->filterAccessControl(Object(CFilterChain))
#4 /Users/coly/Sites/yii-1.1.13.e9e4a0/framework/web/filters/CFilterChain.php(130): CInlineFilter->filter(Object(CFilterChain))
#5 /Users/coly/Sites/yii-1.1.13.e9e4a0/framework/web/CController.php(291): CFilterChain->run()
#6 /Users/coly/Sites/yii-1.1.13.e9e4a0/framework/web/CController.php(265): CController->runActionWithFilters(Object(CInlineAction), Array)
#7 /Users/coly/Sites/yii-1.1.13.e9e4a0/framework/web/CWebApplication.php(282): CController->run('admin')
#8 /Users/coly/Sites/yii-1.1.13.e9e4a0/framework/web/CWebApplication.php(141): CWebApplication->runController('user/admin')
#9 /Users/coly/Sites/yii-1.1.13.e9e4a0/framework/base/CApplication.php(169): CWebApplication->processRequest()
#10 /Users/coly/Sites/yeedt/shouYe.php(13): CApplication->run()
#11 {main}
REQUEST_URI=/yeedt/user/admin
HTTP_REFERER=http://127.0.0.1:1000/yeedt/527/user
---
2013/07/22 13:46:49 [error] [exception.CHttpException.404] exception 'CHttpException' with message '无法解析请求 "441100/css/default/images/favicon.ico"。' in /Users/coly/Sites/yii-1.1.13.e9e4a0/framework/web/CWebApplication.php:286
Stack trace:
#0 /Users/coly/Sites/yii-1.1.13.e9e4a0/framework/web/CWebApplication.php(141): CWebApplication->runController('441100/css/defa...')
#1 /Users/coly/Sites/yii-1.1.13.e9e4a0/framework/base/CApplication.php(169): CWebApplication->processRequest()
#2 /Users/coly/Sites/yeedt/shouYe.php(13): CApplication->run()
#3 {main}
REQUEST_URI=/yeedt/441100/css/default/images/favicon.ico
HTTP_REFERER=http://127.0.0.1:1000/yeedt/441100/orderResult
---
2013/07/22 13:46:56 [error] [exception.CHttpException.404] exception 'CHttpException' with message '无法解析请求 "414/css/default/images/favicon.ico"。' in /Users/coly/Sites/yii-1.1.13.e9e4a0/framework/web/CWebApplication.php:286
Stack trace:
#0 /Users/coly/Sites/yii-1.1.13.e9e4a0/framework/web/CWebApplication.php(141): CWebApplication->runController('414/css/default...')
#1 /Users/coly/Sites/yii-1.1.13.e9e4a0/framework/base/CApplication.php(169): CWebApplication->processRequest()
#2 /Users/coly/Sites/yeedt/shouYe.php(13): CApplication->run()
#3 {main}
REQUEST_URI=/yeedt/414/css/default/images/favicon.ico
HTTP_REFERER=http://127.0.0.1:1000/yeedt/414/user
---
2013/07/22 13:47:00 [error] [exception.CHttpException.404] exception 'CHttpException' with message '无法解析请求 "441050/css/default/images/favicon.ico"。' in /Users/coly/Sites/yii-1.1.13.e9e4a0/framework/web/CWebApplication.php:286
Stack trace:
#0 /Users/coly/Sites/yii-1.1.13.e9e4a0/framework/web/CWebApplication.php(141): CWebApplication->runController('441050/css/defa...')
#1 /Users/coly/Sites/yii-1.1.13.e9e4a0/framework/base/CApplication.php(169): CWebApplication->processRequest()
#2 /Users/coly/Sites/yeedt/shouYe.php(13): CApplication->run()
#3 {main}
REQUEST_URI=/yeedt/441050/css/default/images/favicon.ico
HTTP_REFERER=http://127.0.0.1:1000/yeedt/441050/orderResult
---
2013/07/22 13:47:09 [error] [exception.CHttpException.404] exception 'CHttpException' with message '无法解析请求 "238/css/default/images/favicon.ico"。' in /Users/coly/Sites/yii-1.1.13.e9e4a0/framework/web/CWebApplication.php:286
Stack trace:
#0 /Users/coly/Sites/yii-1.1.13.e9e4a0/framework/web/CWebApplication.php(141): CWebApplication->runController('238/css/default...')
#1 /Users/coly/Sites/yii-1.1.13.e9e4a0/framework/base/CApplication.php(169): CWebApplication->processRequest()
#2 /Users/coly/Sites/yeedt/shouYe.php(13): CApplication->run()
#3 {main}
REQUEST_URI=/yeedt/238/css/default/images/favicon.ico
HTTP_REFERER=http://127.0.0.1:1000/yeedt/238/user
---
2013/07/22 13:47:17 [error] [exception.CHttpException.404] exception 'CHttpException' with message '无法解析请求 "441039/css/default/images/favicon.ico"。' in /Users/coly/Sites/yii-1.1.13.e9e4a0/framework/web/CWebApplication.php:286
Stack trace:
#0 /Users/coly/Sites/yii-1.1.13.e9e4a0/framework/web/CWebApplication.php(141): CWebApplication->runController('441039/css/defa...')
#1 /Users/coly/Sites/yii-1.1.13.e9e4a0/framework/base/CApplication.php(169): CWebApplication->processRequest()
#2 /Users/coly/Sites/yeedt/shouYe.php(13): CApplication->run()
#3 {main}
REQUEST_URI=/yeedt/441039/css/default/images/favicon.ico
HTTP_REFERER=http://127.0.0.1:1000/yeedt/441039/orderResult
---
2013/07/22 13:47:18 [error] [exception.CHttpException.404] exception 'CHttpException' with message '无法解析请求 "388/css/default/images/favicon.ico"。' in /Users/coly/Sites/yii-1.1.13.e9e4a0/framework/web/CWebApplication.php:286
Stack trace:
#0 /Users/coly/Sites/yii-1.1.13.e9e4a0/framework/web/CWebApplication.php(141): CWebApplication->runController('388/css/default...')
#1 /Users/coly/Sites/yii-1.1.13.e9e4a0/framework/base/CApplication.php(169): CWebApplication->processRequest()
#2 /Users/coly/Sites/yeedt/shouYe.php(13): CApplication->run()
#3 {main}
REQUEST_URI=/yeedt/388/css/default/images/favicon.ico
HTTP_REFERER=http://127.0.0.1:1000/yeedt/388/user
---
2013/07/22 14:45:57 [error] [exception.CHttpException.403] exception 'CHttpException' with message '您未被授权执行这个动作' in /Users/coly/Sites/yii-1.1.13.e9e4a0/framework/web/auth/CAccessControlFilter.php:179
Stack trace:
#0 /Users/coly/Sites/yii-1.1.13.e9e4a0/framework/web/auth/CAccessControlFilter.php(142): CAccessControlFilter->accessDenied(Object(WebUser), '???????????????...')
#1 /Users/coly/Sites/yii-1.1.13.e9e4a0/framework/web/filters/CFilter.php(38): CAccessControlFilter->preFilter(Object(CFilterChain))
#2 /Users/coly/Sites/yii-1.1.13.e9e4a0/framework/web/CController.php(1145): CFilter->filter(Object(CFilterChain))
#3 /Users/coly/Sites/yii-1.1.13.e9e4a0/framework/web/filters/CInlineFilter.php(58): CController->filterAccessControl(Object(CFilterChain))
#4 /Users/coly/Sites/yii-1.1.13.e9e4a0/framework/web/filters/CFilterChain.php(130): CInlineFilter->filter(Object(CFilterChain))
#5 /Users/coly/Sites/yii-1.1.13.e9e4a0/framework/web/CController.php(291): CFilterChain->run()
#6 /Users/coly/Sites/yii-1.1.13.e9e4a0/framework/web/CController.php(265): CController->runActionWithFilters(Object(CInlineAction), Array)
#7 /Users/coly/Sites/yii-1.1.13.e9e4a0/framework/web/CWebApplication.php(282): CController->run('panel')
#8 /Users/coly/Sites/yii-1.1.13.e9e4a0/framework/web/CWebApplication.php(141): CWebApplication->runController('user/panel')
#9 /Users/coly/Sites/yii-1.1.13.e9e4a0/framework/base/CApplication.php(169): CWebApplication->processRequest()
#10 /Users/coly/Sites/yeedt/shouYe.php(13): CApplication->run()
#11 {main}
REQUEST_URI=/yeedt/user/panel
HTTP_REFERER=http://127.0.0.1:1000/yeedt/login
---
2013/07/22 14:46:33 [error] [exception.CHttpException.404] exception 'CHttpException' with message '无法解析请求 "441225/css/default/images/favicon.ico"。' in /Users/coly/Sites/yii-1.1.13.e9e4a0/framework/web/CWebApplication.php:286
Stack trace:
#0 /Users/coly/Sites/yii-1.1.13.e9e4a0/framework/web/CWebApplication.php(141): CWebApplication->runController('441225/css/defa...')
#1 /Users/coly/Sites/yii-1.1.13.e9e4a0/framework/base/CApplication.php(169): CWebApplication->processRequest()
#2 /Users/coly/Sites/yeedt/shouYe.php(13): CApplication->run()
#3 {main}
REQUEST_URI=/yeedt/441225/css/default/images/favicon.ico
HTTP_REFERER=http://127.0.0.1:1000/yeedt/441225/orderResult
---
2013/07/22 14:46:46 [error] [exception.CHttpException.404] exception 'CHttpException' with message '无法解析请求 "470/css/default/images/favicon.ico"。' in /Users/coly/Sites/yii-1.1.13.e9e4a0/framework/web/CWebApplication.php:286
Stack trace:
#0 /Users/coly/Sites/yii-1.1.13.e9e4a0/framework/web/CWebApplication.php(141): CWebApplication->runController('470/css/default...')
#1 /Users/coly/Sites/yii-1.1.13.e9e4a0/framework/base/CApplication.php(169): CWebApplication->processRequest()
#2 /Users/coly/Sites/yeedt/shouYe.php(13): CApplication->run()
#3 {main}
REQUEST_URI=/yeedt/470/css/default/images/favicon.ico
HTTP_REFERER=http://127.0.0.1:1000/yeedt/470/user
---
2013/07/22 15:52:23 [warning] [application] Failed to set unsafe attribute "document" of "FileForm".
in /Users/coly/Sites/yeedt/protected/controllers/PathController.php (136)
in /Users/coly/Sites/yeedt/shouYe.php (13)
2013/07/22 15:52:23 [error] [php] move_uploaded_file(/Users/coly/Sites/yeedt/upload/20130722035223755.txt) [<a href='function.move-uploaded-file'>function.move-uploaded-file</a>]: failed to open stream: Permission denied (/Users/coly/Sites/yii-1.1.13.e9e4a0/framework/web/CUploadedFile.php:196)
Stack trace:
#0 /Users/coly/Sites/yii-1.1.13.e9e4a0/framework/web/actions/CInlineAction.php(49): PathController->actionFile()
#1 /Users/coly/Sites/yii-1.1.13.e9e4a0/framework/web/CController.php(308): CInlineAction->runWithParams()
#2 /Users/coly/Sites/yii-1.1.13.e9e4a0/framework/web/CController.php(286): PathController->runAction()
#3 /Users/coly/Sites/yii-1.1.13.e9e4a0/framework/web/CController.php(265): PathController->runActionWithFilters()
#4 /Users/coly/Sites/yii-1.1.13.e9e4a0/framework/web/CWebApplication.php(282): PathController->run()
#5 /Users/coly/Sites/yii-1.1.13.e9e4a0/framework/web/CWebApplication.php(141): CWebApplication->runController()
#6 /Users/coly/Sites/yii-1.1.13.e9e4a0/framework/base/CApplication.php(169): CWebApplication->processRequest()
#7 /Users/coly/Sites/yeedt/shouYe.php(13): CWebApplication->run()
REQUEST_URI=/yeedt/file
in /Users/coly/Sites/yeedt/protected/controllers/PathController.php (158)
in /Users/coly/Sites/yeedt/shouYe.php (13)
2013/07/22 15:53:19 [warning] [application] Failed to set unsafe attribute "document" of "FileForm".
in /Users/coly/Sites/yeedt/protected/controllers/PathController.php (136)
in /Users/coly/Sites/yeedt/shouYe.php (13)
2013/07/22 15:53:28 [error] [exception.CHttpException.404] exception 'CHttpException' with message '无法解析请求 "<a target="。' in /Users/coly/Sites/yii-1.1.13.e9e4a0/framework/web/CWebApplication.php:286
Stack trace:
#0 /Users/coly/Sites/yii-1.1.13.e9e4a0/framework/web/CWebApplication.php(141): CWebApplication->runController('<a target=')
#1 /Users/coly/Sites/yii-1.1.13.e9e4a0/framework/base/CApplication.php(169): CWebApplication->processRequest()
#2 /Users/coly/Sites/yeedt/shouYe.php(13): CApplication->run()
#3 {main}
REQUEST_URI=/yeedt/%3Ca%20target=
HTTP_REFERER=http://127.0.0.1:1000/yeedt/file
---
2013/07/22 15:54:55 [warning] [application] Failed to set unsafe attribute "document" of "FileForm".
in /Users/coly/Sites/yeedt/protected/controllers/PathController.php (136)
in /Users/coly/Sites/yeedt/shouYe.php (13)
2013/07/22 15:54:55 [error] [php] trim() expects parameter 1 to be string, array given (/Users/coly/Sites/yii-1.1.13.e9e4a0/framework/web/CUrlManager.php:294)
Stack trace:
#0 /Users/coly/Sites/yeedt/protected/controllers/PathController.php(170): CWebApplication->createUrl()
#1 /Users/coly/Sites/yii-1.1.13.e9e4a0/framework/web/actions/CInlineAction.php(49): PathController->actionFile()
#2 /Users/coly/Sites/yii-1.1.13.e9e4a0/framework/web/CController.php(308): CInlineAction->runWithParams()
#3 /Users/coly/Sites/yii-1.1.13.e9e4a0/framework/web/CController.php(286): PathController->runAction()
#4 /Users/coly/Sites/yii-1.1.13.e9e4a0/framework/web/CController.php(265): PathController->runActionWithFilters()
#5 /Users/coly/Sites/yii-1.1.13.e9e4a0/framework/web/CWebApplication.php(282): PathController->run()
#6 /Users/coly/Sites/yii-1.1.13.e9e4a0/framework/web/CWebApplication.php(141): CWebApplication->runController()
#7 /Users/coly/Sites/yii-1.1.13.e9e4a0/framework/base/CApplication.php(169): CWebApplication->processRequest()
#8 /Users/coly/Sites/yeedt/shouYe.php(13): CWebApplication->run()
REQUEST_URI=/yeedt/file
in /Users/coly/Sites/yeedt/protected/controllers/PathController.php (170)
in /Users/coly/Sites/yeedt/shouYe.php (13)
2013/07/22 15:57:10 [warning] [application] Failed to set unsafe attribute "document" of "FileForm".
in /Users/coly/Sites/yeedt/protected/controllers/PathController.php (136)
in /Users/coly/Sites/yeedt/shouYe.php (13)
2013/07/22 15:57:13 [error] [exception.CHttpException.400] exception 'CHttpException' with message '您的请求无效。' in /Users/coly/Sites/yii-1.1.13.e9e4a0/framework/web/CController.php:336
Stack trace:
#0 /Users/coly/Sites/yii-1.1.13.e9e4a0/framework/web/CController.php(309): CController->invalidActionParams(Object(CInlineAction))
#1 /Users/coly/Sites/yii-1.1.13.e9e4a0/framework/web/CController.php(286): CController->runAction(Object(CInlineAction))
#2 /Users/coly/Sites/yii-1.1.13.e9e4a0/framework/web/CController.php(265): CController->runActionWithFilters(Object(CInlineAction), Array)
#3 /Users/coly/Sites/yii-1.1.13.e9e4a0/framework/web/CWebApplication.php(282): CController->run('sendEmail')
#4 /Users/coly/Sites/yii-1.1.13.e9e4a0/framework/web/CWebApplication.php(141): CWebApplication->runController('path/sendEmail')
#5 /Users/coly/Sites/yii-1.1.13.e9e4a0/framework/base/CApplication.php(169): CWebApplication->processRequest()
#6 /Users/coly/Sites/yeedt/shouYe.php(13): CApplication->run()
#7 {main}
REQUEST_URI=/yeedt/path/sendEmail?_blank
HTTP_REFERER=http://127.0.0.1:1000/yeedt/file
---
2013/07/22 15:57:35 [error] [exception.CHttpException.400] exception 'CHttpException' with message '您的请求无效。' in /Users/coly/Sites/yii-1.1.13.e9e4a0/framework/web/CController.php:336
Stack trace:
#0 /Users/coly/Sites/yii-1.1.13.e9e4a0/framework/web/CController.php(309): CController->invalidActionParams(Object(CInlineAction))
#1 /Users/coly/Sites/yii-1.1.13.e9e4a0/framework/web/CController.php(286): CController->runAction(Object(CInlineAction))
#2 /Users/coly/Sites/yii-1.1.13.e9e4a0/framework/web/CController.php(265): CController->runActionWithFilters(Object(CInlineAction), Array)
#3 /Users/coly/Sites/yii-1.1.13.e9e4a0/framework/web/CWebApplication.php(282): CController->run('sendEmail')
#4 /Users/coly/Sites/yii-1.1.13.e9e4a0/framework/web/CWebApplication.php(141): CWebApplication->runController('path/sendEmail')
#5 /Users/coly/Sites/yii-1.1.13.e9e4a0/framework/base/CApplication.php(169): CWebApplication->processRequest()
#6 /Users/coly/Sites/yeedt/shouYe.php(13): CApplication->run()
#7 {main}
REQUEST_URI=/yeedt/path/sendEmail?_blank
HTTP_REFERER=http://127.0.0.1:1000/yeedt/file
---
2013/07/22 15:58:49 [warning] [application] Failed to set unsafe attribute "document" of "FileForm".
in /Users/coly/Sites/yeedt/protected/controllers/PathController.php (136)
in /Users/coly/Sites/yeedt/shouYe.php (13)
2013/07/22 16:01:36 [warning] [application] Failed to set unsafe attribute "document" of "FileForm".
in /Users/coly/Sites/yeedt/protected/controllers/PathController.php (136)
in /Users/coly/Sites/yeedt/shouYe.php (13)
2013/07/22 16:05:34 [warning] [application] Failed to set unsafe attribute "document" of "FileForm".
in /Users/coly/Sites/yeedt/protected/controllers/PathController.php (136)
in /Users/coly/Sites/yeedt/shouYe.php (13)
2013/07/22 16:07:32 [warning] [application] Failed to set unsafe attribute "document" of "FileForm".
in /Users/coly/Sites/yeedt/protected/controllers/PathController.php (136)
in /Users/coly/Sites/yeedt/shouYe.php (13)
2013/07/22 16:09:07 [warning] [application] Failed to set unsafe attribute "document" of "FileForm".
in /Users/coly/Sites/yeedt/protected/controllers/PathController.php (136)
in /Users/coly/Sites/yeedt/shouYe.php (13)
2013/07/22 16:09:28 [warning] [application] Failed to set unsafe attribute "document" of "FileForm".
in /Users/coly/Sites/yeedt/protected/controllers/PathController.php (136)
in /Users/coly/Sites/yeedt/shouYe.php (13)
2013/07/22 16:21:38 [warning] [application] Failed to set unsafe attribute "document" of "FileForm".
in /Users/coly/Sites/yeedt/protected/controllers/PathController.php (136)
in /Users/coly/Sites/yeedt/shouYe.php (13)
2013/07/22 16:29:45 [error] [exception.CHttpException.404] exception 'CHttpException' with message '无法解析请求 "532/css/default/images/favicon.ico"。' in /Users/coly/Sites/yii-1.1.13.e9e4a0/framework/web/CWebApplication.php:286
Stack trace:
#0 /Users/coly/Sites/yii-1.1.13.e9e4a0/framework/web/CWebApplication.php(141): CWebApplication->runController('532/css/default...')
#1 /Users/coly/Sites/yii-1.1.13.e9e4a0/framework/base/CApplication.php(169): CWebApplication->processRequest()
#2 /Users/coly/Sites/yeedt/shouYe.php(13): CApplication->run()
#3 {main}
REQUEST_URI=/yeedt/532/css/default/images/favicon.ico
HTTP_REFERER=http://127.0.0.1:1000/yeedt/532/user
---
2013/07/22 16:30:15 [error] [exception.CHttpException.404] exception 'CHttpException' with message '无法解析请求 "440197/css/default/images/favicon.ico"。' in /Users/coly/Sites/yii-1.1.13.e9e4a0/framework/web/CWebApplication.php:286
Stack trace:
#0 /Users/coly/Sites/yii-1.1.13.e9e4a0/framework/web/CWebApplication.php(141): CWebApplication->runController('440197/css/defa...')
#1 /Users/coly/Sites/yii-1.1.13.e9e4a0/framework/base/CApplication.php(169): CWebApplication->processRequest()
#2 /Users/coly/Sites/yeedt/shouYe.php(13): CApplication->run()
#3 {main}
REQUEST_URI=/yeedt/440197/css/default/images/favicon.ico
HTTP_REFERER=http://127.0.0.1:1000/yeedt/440197/orderResult
---
2013/07/22 16:30:17 [error] [exception.CHttpException.404] exception 'CHttpException' with message '无法解析请求 "154/css/default/images/favicon.ico"。' in /Users/coly/Sites/yii-1.1.13.e9e4a0/framework/web/CWebApplication.php:286
Stack trace:
#0 /Users/coly/Sites/yii-1.1.13.e9e4a0/framework/web/CWebApplication.php(141): CWebApplication->runController('154/css/default...')
#1 /Users/coly/Sites/yii-1.1.13.e9e4a0/framework/base/CApplication.php(169): CWebApplication->processRequest()
#2 /Users/coly/Sites/yeedt/shouYe.php(13): CApplication->run()
#3 {main}
REQUEST_URI=/yeedt/154/css/default/images/favicon.ico
HTTP_REFERER=http://127.0.0.1:1000/yeedt/154/user
---
2013/07/22 16:30:37 [error] [exception.CHttpException.404] exception 'CHttpException' with message '无法解析请求 "440399/css/default/images/favicon.ico"。' in /Users/coly/Sites/yii-1.1.13.e9e4a0/framework/web/CWebApplication.php:286
Stack trace:
#0 /Users/coly/Sites/yii-1.1.13.e9e4a0/framework/web/CWebApplication.php(141): CWebApplication->runController('440399/css/defa...')
#1 /Users/coly/Sites/yii-1.1.13.e9e4a0/framework/base/CApplication.php(169): CWebApplication->processRequest()
#2 /Users/coly/Sites/yeedt/shouYe.php(13): CApplication->run()
#3 {main}
REQUEST_URI=/yeedt/440399/css/default/images/favicon.ico
HTTP_REFERER=http://127.0.0.1:1000/yeedt/440399/orderResult
---
2013/07/22 16:30:48 [error] [exception.CHttpException.404] exception 'CHttpException' with message '无法解析请求 "440400/css/default/images/favicon.ico"。' in /Users/coly/Sites/yii-1.1.13.e9e4a0/framework/web/CWebApplication.php:286
Stack trace:
#0 /Users/coly/Sites/yii-1.1.13.e9e4a0/framework/web/CWebApplication.php(141): CWebApplication->runController('440400/css/defa...')
#1 /Users/coly/Sites/yii-1.1.13.e9e4a0/framework/base/CApplication.php(169): CWebApplication->processRequest()
#2 /Users/coly/Sites/yeedt/shouYe.php(13): CApplication->run()
#3 {main}
REQUEST_URI=/yeedt/440400/css/default/images/favicon.ico
HTTP_REFERER=http://127.0.0.1:1000/yeedt/440400/orderResult
---
2013/07/22 16:35:14 [warning] [application] Failed to set unsafe attribute "document" of "FileForm".
in /Users/coly/Sites/yeedt/protected/controllers/PathController.php (136)
in /Users/coly/Sites/yeedt/shouYe.php (13)
